2026-06-29 13:16:14,499 [INFO] chiba_asakan.collect_news: === ネタ収集開始: date=2026-06-29 ===
2026-06-29 13:16:14,513 [INFO] chiba_asakan.sources.manager: ソース構築: 有効=4 / フィード設定済み=PR TIMES
2026-06-29 13:16:15,835 [INFO] chiba_asakan.sources: PR TIMES: 2 件取得
2026-06-29 13:16:15,835 [INFO] chiba_asakan.sources: 千葉県報道発表: 0 件取得
2026-06-29 13:16:15,835 [INFO] chiba_asakan.sources: ちば観光・イベント: 0 件取得
2026-06-29 13:16:15,835 [INFO] chiba_asakan.sources: 千葉の商業・経済: 0 件取得
2026-06-29 13:16:15,835 [INFO] chiba_asakan.sources.manager: 巡回完了: 合計 2 件（重複除去後）
2026-06-29 13:16:15,836 [INFO] chiba_asakan.source_store: ネタを保存: 2026-06-29.json (2件)
2026-06-29 13:16:15,836 [INFO] chiba_asakan.pipeline: 収集結果: 取得=2 除外=0 候補(>=20点)=0
2026-06-29 13:16:15,836 [INFO] chiba_asakan.collect_news: === ネタ収集終了: 取得=2 候補=0 除外=0 ===
2026-06-30 10:37:01,046 [INFO] chiba_asakan.collect_news: === ネタ収集開始: date=2026-06-30 ===
2026-06-30 10:37:01,062 [INFO] chiba_asakan.sources.manager: ソース構築: 有効=4 / フィード設定済み=PR TIMES
2026-06-30 10:37:02,066 [INFO] chiba_asakan.sources: PR TIMES: 7 件取得
2026-06-30 10:37:02,066 [INFO] chiba_asakan.sources: 千葉県報道発表: 0 件取得
2026-06-30 10:37:02,066 [INFO] chiba_asakan.sources: ちば観光・イベント: 0 件取得
2026-06-30 10:37:02,066 [INFO] chiba_asakan.sources: 千葉の商業・経済: 0 件取得
2026-06-30 10:37:02,066 [INFO] chiba_asakan.sources.manager: 巡回完了: 合計 7 件（重複除去後）
2026-06-30 10:37:02,068 [INFO] chiba_asakan.source_store: ネタを保存: 2026-06-30.json (7件)
2026-06-30 10:37:02,068 [INFO] chiba_asakan.pipeline: 収集結果: 取得=7 除外=0 候補(>=20点)=0
2026-06-30 10:37:02,068 [INFO] chiba_asakan.collect_news: === ネタ収集終了: 取得=7 候補=0 除外=0 ===
2026-07-01 10:52:49,121 [INFO] chiba_asakan.collect_news: === ネタ収集開始: date=2026-07-01 ===
2026-07-01 10:52:49,127 [INFO] chiba_asakan.sources.manager: ソース構築: 有効=4 / フィード設定済み=PR TIMES
2026-07-01 10:52:49,788 [INFO] chiba_asakan.sources: PR TIMES: 4 件取得
2026-07-01 10:52:49,788 [INFO] chiba_asakan.sources: 千葉県報道発表: 0 件取得
2026-07-01 10:52:49,788 [INFO] chiba_asakan.sources: ちば観光・イベント: 0 件取得
2026-07-01 10:52:49,788 [INFO] chiba_asakan.sources: 千葉の商業・経済: 0 件取得
2026-07-01 10:52:49,788 [INFO] chiba_asakan.sources.manager: 巡回完了: 合計 4 件（重複除去後）
2026-07-01 10:52:49,789 [INFO] chiba_asakan.source_store: ネタを保存: 2026-07-01.json (4件)
2026-07-01 10:52:49,789 [INFO] chiba_asakan.pipeline: 収集結果: 取得=4 除外=0 候補(>=20点)=0
2026-07-01 10:52:49,789 [INFO] chiba_asakan.collect_news: === ネタ収集終了: 取得=4 候補=0 除外=0 ===
2026-07-02 08:32:42,008 [INFO] chiba_asakan.collect_news: === ネタ収集開始: date=2026-07-02 ===
2026-07-02 08:32:42,025 [INFO] chiba_asakan.sources.manager: ソース構築: 有効=4 / フィード設定済み=PR TIMES
2026-07-02 08:32:43,697 [INFO] chiba_asakan.sources: PR TIMES: 2 件取得
2026-07-02 08:32:43,697 [INFO] chiba_asakan.sources: 千葉県報道発表: 0 件取得
2026-07-02 08:32:43,697 [INFO] chiba_asakan.sources: ちば観光・イベント: 0 件取得
2026-07-02 08:32:43,697 [INFO] chiba_asakan.sources: 千葉の商業・経済: 0 件取得
2026-07-02 08:32:43,697 [INFO] chiba_asakan.sources.manager: 巡回完了: 合計 2 件（重複除去後）
2026-07-02 08:32:43,698 [INFO] chiba_asakan.source_store: ネタを保存: 2026-07-02.json (2件)
2026-07-02 08:32:43,698 [INFO] chiba_asakan.pipeline: 収集結果: 取得=2 除外=0 候補(>=20点)=0
2026-07-02 08:32:43,698 [INFO] chiba_asakan.collect_news: === ネタ収集終了: 取得=2 候補=0 除外=0 ===
2026-07-03 08:40:40,236 [INFO] chiba_asakan.collect_news: === ネタ収集開始: date=2026-07-03 ===
2026-07-03 08:40:40,251 [INFO] chiba_asakan.sources.manager: ソース構築: 有効=4 / フィード設定済み=PR TIMES
2026-07-03 08:40:41,220 [INFO] chiba_asakan.sources: PR TIMES: 5 件取得
2026-07-03 08:40:41,220 [INFO] chiba_asakan.sources: 千葉県報道発表: 0 件取得
2026-07-03 08:40:41,220 [INFO] chiba_asakan.sources: ちば観光・イベント: 0 件取得
2026-07-03 08:40:41,220 [INFO] chiba_asakan.sources: 千葉の商業・経済: 0 件取得
2026-07-03 08:40:41,220 [INFO] chiba_asakan.sources.manager: 巡回完了: 合計 5 件（重複除去後）
2026-07-03 08:40:41,222 [INFO] chiba_asakan.source_store: ネタを保存: 2026-07-03.json (5件)
2026-07-03 08:40:41,222 [INFO] chiba_asakan.pipeline: 収集結果: 取得=5 除外=0 候補(>=20点)=0
2026-07-03 08:40:41,222 [INFO] chiba_asakan.collect_news: === ネタ収集終了: 取得=5 候補=0 除外=0 ===
2026-07-06 12:26:40,685 [INFO] chiba_asakan.collect_news: === ネタ収集開始: date=2026-07-06 ===
2026-07-06 12:26:40,698 [INFO] chiba_asakan.sources.manager: ソース構築: 有効=4 / フィード設定済み=PR TIMES
2026-07-06 12:26:41,326 [INFO] chiba_asakan.sources: PR TIMES: 2 件取得
2026-07-06 12:26:41,326 [INFO] chiba_asakan.sources: 千葉県報道発表: 0 件取得
2026-07-06 12:26:41,326 [INFO] chiba_asakan.sources: ちば観光・イベント: 0 件取得
2026-07-06 12:26:41,326 [INFO] chiba_asakan.sources: 千葉の商業・経済: 0 件取得
2026-07-06 12:26:41,326 [INFO] chiba_asakan.sources.manager: 巡回完了: 合計 2 件（重複除去後）
2026-07-06 12:26:41,327 [INFO] chiba_asakan.source_store: ネタを保存: 2026-07-06.json (2件)
2026-07-06 12:26:41,327 [INFO] chiba_asakan.pipeline: 収集結果: 取得=2 除外=0 候補(>=20点)=0
2026-07-06 12:26:41,327 [INFO] chiba_asakan.collect_news: === ネタ収集終了: 取得=2 候補=0 除外=0 ===
2026-07-07 10:31:22,622 [INFO] chiba_asakan.collect_news: === ネタ収集開始: date=2026-07-07 ===
2026-07-07 10:31:22,628 [INFO] chiba_asakan.sources.manager: ソース構築: 有効=4 / フィード設定済み=PR TIMES
2026-07-07 10:31:23,615 [INFO] chiba_asakan.sources: PR TIMES: 4 件取得
2026-07-07 10:31:23,615 [INFO] chiba_asakan.sources: 千葉県報道発表: 0 件取得
2026-07-07 10:31:23,615 [INFO] chiba_asakan.sources: ちば観光・イベント: 0 件取得
2026-07-07 10:31:23,615 [INFO] chiba_asakan.sources: 千葉の商業・経済: 0 件取得
2026-07-07 10:31:23,615 [INFO] chiba_asakan.sources.manager: 巡回完了: 合計 4 件（重複除去後）
2026-07-07 10:31:23,616 [INFO] chiba_asakan.source_store: ネタを保存: 2026-07-07.json (4件)
2026-07-07 10:31:23,617 [INFO] chiba_asakan.pipeline: 収集結果: 取得=4 除外=0 候補(>=20点)=0
2026-07-07 10:31:23,617 [INFO] chiba_asakan.collect_news: === ネタ収集終了: 取得=4 候補=0 除外=0 ===
2026-07-08 06:40:16,423 [INFO] chiba_asakan.collect_news: === ネタ収集開始: date=2026-07-08 ===
2026-07-08 06:40:16,429 [INFO] chiba_asakan.sources.manager: ソース構築: 有効=4 / フィード設定済み=PR TIMES
2026-07-08 06:40:17,183 [INFO] chiba_asakan.sources: PR TIMES: 7 件取得
2026-07-08 06:40:17,183 [INFO] chiba_asakan.sources: 千葉県報道発表: 0 件取得
2026-07-08 06:40:17,183 [INFO] chiba_asakan.sources: ちば観光・イベント: 0 件取得
2026-07-08 06:40:17,183 [INFO] chiba_asakan.sources: 千葉の商業・経済: 0 件取得
2026-07-08 06:40:17,183 [INFO] chiba_asakan.sources.manager: 巡回完了: 合計 7 件（重複除去後）
2026-07-08 06:40:17,184 [INFO] chiba_asakan.source_store: ネタを保存: 2026-07-08.json (7件)
2026-07-08 06:40:17,185 [INFO] chiba_asakan.pipeline: 収集結果: 取得=7 除外=0 候補(>=20点)=0
2026-07-08 06:40:17,185 [INFO] chiba_asakan.collect_news: === ネタ収集終了: 取得=7 候補=0 除外=0 ===
2026-07-09 10:31:02,763 [INFO] chiba_asakan.collect_news: === ネタ収集開始: date=2026-07-09 ===
2026-07-09 10:31:02,806 [INFO] chiba_asakan.sources.manager: ソース構築: 有効=4 / フィード設定済み=PR TIMES
2026-07-09 10:31:05,415 [INFO] chiba_asakan.sources: PR TIMES: 5 件取得
2026-07-09 10:31:05,415 [INFO] chiba_asakan.sources: 千葉県報道発表: 0 件取得
2026-07-09 10:31:05,415 [INFO] chiba_asakan.sources: ちば観光・イベント: 0 件取得
2026-07-09 10:31:05,415 [INFO] chiba_asakan.sources: 千葉の商業・経済: 0 件取得
2026-07-09 10:31:05,415 [INFO] chiba_asakan.sources.manager: 巡回完了: 合計 5 件（重複除去後）
2026-07-09 10:31:05,416 [INFO] chiba_asakan.source_store: ネタを保存: 2026-07-09.json (5件)
2026-07-09 10:31:05,416 [INFO] chiba_asakan.pipeline: 収集結果: 取得=5 除外=1 候補(>=20点)=0
2026-07-09 10:31:05,416 [INFO] chiba_asakan.collect_news: === ネタ収集終了: 取得=5 候補=0 除外=1 ===
